./storm-pars  --mode monotonicity  --prism brp.pm  --prop 'P=? [F s=5]' --bisimulation
Storm-pars 1.8.2 (dev)

Date: Sun Nov 12 2023
Command line arguments: --mode monotonicity --prism brp.pm --prop 'P=? [F s=5]' --bisimulation
Current working directory: ~/storm/build/bin

Time for model input parsing: 0.002s.

Time for model construction: 0.018s.

--------------------------------------------------------------
Model type: 	DTMC (sparse)
States: 	135
Transitions: 	175
Reward Models:  none
State Labels: 	3 labels
   * deadlock -> 5 item(s)
   * init -> 1 item(s)
   * (s = 5) -> 4 item(s)
Choice Labels: 	none
--------------------------------------------------------------

Time for model simplification: 0.000s.

--------------------------------------------------------------
Model type: 	DTMC (sparse)
States: 	43
Transitions: 	83
Reward Models:  none
State Labels: 	4 labels
   * target -> 1 item(s)
   * init -> 1 item(s)
   * deadlock -> 1 item(s)
   * (s = 5) -> 1 item(s)
Choice Labels: 	none
--------------------------------------------------------------

Time for model preprocessing: 0.001s.

--------------------------------------------------------------
Model type: 	DTMC (sparse)
States: 	23
Transitions: 	43
Reward Models:  none
State Labels: 	2 labels
   * init -> 1 item(s)
   * (s = 5) -> 1 item(s)
Choice Labels: 	none
--------------------------------------------------------------
Number of done states: 23
No Assumptions
Monotonicity Result:
    #Incr: 0 #Decr: 2
pK MonDecr; pL MonDecr;


Total time for monotonicity checking: 0.000s.
